<?xml version="1.0" encoding="UTF-8"?>
<!-- Generated by org.testng.reporters.JUnitReportReporter -->
<testsuite hostname="Sony-VAIO" name="com.example.tests.ContactCreationTests" tests="1" failures="0" timestamp="19 Apr 2015 07:45:15 GMT" time="7.639" errors="0">
  <testcase name="testNonEmptyContactCreation" time="7.639" classname="com.example.tests.ContactCreationTests"/>
</testsuite> <!-- com.example.tests.ContactCreationTests -->
