<?xml version="1.0" encoding="UTF-8"?>
<!-- Generated by org.testng.reporters.JUnitReportReporter -->
<testsuite hostname="Sony-VAIO" name="com.example.tests.GroupCreationTests" tests="2" failures="0" timestamp="18 Apr 2015 09:10:09 GMT" time="7.884" errors="0">
  <testcase name="testEmptyGroupCreation" time="4.038" classname="com.example.tests.GroupCreationTests"/>
  <testcase name="testNonEmptyGroupCreation" time="3.846" classname="com.example.tests.GroupCreationTests"/>
</testsuite> <!-- com.example.tests.GroupCreationTests -->
