<?xml version="1.0" encoding="UTF-8"?>
<!-- Generated by org.testng.reporters.JUnitReportReporter -->
<testsuite hostname="Sony-VAIO" name="com.example.tests.GroupCreationTests" tests="2" failures="0" timestamp="19 Apr 2015 07:45:15 GMT" time="7.695" errors="0">
  <testcase name="testEmptyGroupCreation" time="4.122" classname="com.example.tests.GroupCreationTests"/>
  <testcase name="testNonEmptyGroupCreation" time="3.573" classname="com.example.tests.GroupCreationTests"/>
</testsuite> <!-- com.example.tests.GroupCreationTests -->
