<?xml version="1.0" encoding="UTF-8"?>
<!-- Generated by org.testng.reporters.JUnitReportReporter -->
<testsuite hostname="Sony-VAIO" name="com.example.tests.AlsoGroupCreationTests" tests="2" failures="0" timestamp="18 Apr 2015 09:10:09 GMT" time="7.754" errors="0">
  <testcase name="testNonEmptyGroupCreation" time="4.066" classname="com.example.tests.AlsoGroupCreationTests"/>
  <testcase name="testEmptyGroupCreation" time="3.688" classname="com.example.tests.AlsoGroupCreationTests"/>
</testsuite> <!-- com.example.tests.AlsoGroupCreationTests -->
