<?xml version="1.0" encoding="UTF-8"?>
<!-- Generated by org.testng.reporters.JUnitReportReporter -->
<testsuite hostname="Sony-VAIO" name="com.example.tests.TestContactCreation" tests="1" failures="0" timestamp="5 Jun 2015 05:37:35 GMT" time="10.348" errors="0">
  <testcase name="shouldCreateContactWithValidData" time="10.348" classname="com.example.tests.TestContactCreation"/>
</testsuite> <!-- com.example.tests.TestContactCreation -->
